<?xml version="1.0" encoding="UTF-8"?>
<!-- Generated by org.testng.reporters.JUnitXMLReporter -->
<testsuite ignored="0" hostname="manikya-veena" failures="0" tests="2" name="Error Validation Test" time="19.276" errors="0" timestamp="2024-03-27T11:46:41 IST">
  <testcase classname="rahulshettyacademy.tests.ErrorValidation" name="loginErrorValidation" time="0.627"/>
  <testcase classname="rahulshettyacademy.tests.ErrorValidation" name="productErrorValidation" time="13.774"/>
</testsuite> <!-- Error Validation Test -->
