<?xml version="1.0" encoding="UTF-8"?>
<testng-results ignored="0" total="3" passed="3" failed="0" skipped="0">
  <reporter-output>
  </reporter-output>
  <suite started-at="2024-03-27T23:15:02 IST" name="Surefire suite" finished-at="2024-03-27T23:15:40 IST" duration-ms="38240">
    <groups>
      <group name="Purchase">
        <method signature="SubmitOrderTest.submitOrder(java.util.HashMap)[pri:0, instance:rahulshettyacademy.tests.SubmitOrderTest@7b227d8d]" name="submitOrder" class="rahulshettyacademy.tests.SubmitOrderTest"/>
      </group> <!-- Purchase -->
    </groups>
    <test started-at="2024-03-27T23:15:02 IST" name="Surefire test" finished-at="2024-03-27T23:15:40 IST" duration-ms="38240">
      <class name="rahulshettyacademy.tests.SubmitOrderTest">
        <test-method is-config="true" signature="launchApplication()[pri:0, instance:rahulshettyacademy.tests.SubmitOrderTest@7b227d8d]" started-at="2024-03-27T23:15:02 IST" name="launchApplication" finished-at="2024-03-27T23:15:05 IST" duration-ms="2119" status="PASS">
          <reporter-output>
          </reporter-output>
        </test-method> <!-- launchApplication -->
        <test-method signature="submitOrder(java.util.HashMap)[pri:0, instance:rahulshettyacademy.tests.SubmitOrderTest@7b227d8d]" started-at="2024-03-27T23:15:05 IST" name="submitOrder" data-provider="getData" finished-at="2024-03-27T23:15:19 IST" duration-ms="14879" status="PASS">
          <params>
            <param index="0">
              <value>
                <![CDATA[{password=Password@123, product=ZARA COAT 3, email=automationtest2@test.com}]]>
              </value>
            </param>
          </params>
          <reporter-output>
          </reporter-output>
        </test-method> <!-- submitOrder -->
        <test-method is-config="true" signature="launchApplication()[pri:0, instance:rahulshettyacademy.tests.SubmitOrderTest@7b227d8d]" started-at="2024-03-27T23:15:19 IST" name="launchApplication" finished-at="2024-03-27T23:15:22 IST" duration-ms="2997" status="PASS">
          <reporter-output>
          </reporter-output>
        </test-method> <!-- launchApplication -->
        <test-method signature="submitOrder(java.util.HashMap)[pri:0, instance:rahulshettyacademy.tests.SubmitOrderTest@7b227d8d]" started-at="2024-03-27T23:15:22 IST" name="submitOrder" data-provider="getData" finished-at="2024-03-27T23:15:37 IST" duration-ms="15053" status="PASS">
          <params>
            <param index="0">
              <value>
                <![CDATA[{password=Veena@1234, product=ADIDAS ORIGINAL, email=automationtestveena@test.com}]]>
              </value>
            </param>
          </params>
          <reporter-output>
          </reporter-output>
        </test-method> <!-- submitOrder -->
        <test-method is-config="true" signature="launchApplication()[pri:0, instance:rahulshettyacademy.tests.SubmitOrderTest@7b227d8d]" started-at="2024-03-27T23:15:37 IST" name="launchApplication" finished-at="2024-03-27T23:15:40 IST" duration-ms="2208" status="PASS">
          <reporter-output>
          </reporter-output>
        </test-method> <!-- launchApplication -->
        <test-method signature="orderHistoryTest()[pri:0, instance:rahulshettyacademy.tests.SubmitOrderTest@7b227d8d]" started-at="2024-03-27T23:15:40 IST" name="orderHistoryTest" finished-at="2024-03-27T23:15:40 IST" depends-on-methods="rahulshettyacademy.tests.SubmitOrderTest.submitOrder" duration-ms="740" status="PASS">
          <reporter-output>
          </reporter-output>
        </test-method> <!-- orderHistoryTest -->
      </class> <!-- rahulshettyacademy.tests.SubmitOrderTest -->
    </test> <!-- Surefire test -->
  </suite> <!-- Surefire suite -->
</testng-results>
